# JRE version: OpenJDK Runtime Environment (8.0_112) (build 1.8.0_112-release-736)
# Java VM: OpenJDK 64-Bit Server VM (25.112-b736 mixed mode windows-amd64 compressed oops)
Heap:
 PSYoungGen      total 322048K, used 37686K [0x00000000e0000000, 0x00000000f6100000, 0x0000000100000000)
  eden space 304640K, 6% used [0x00000000e0000000,0x00000000e13ea4b0,0x00000000f2980000)
  from space 17408K, 99% used [0x00000000f3f80000,0x00000000f5063448,0x00000000f5080000)
  to   space 16896K, 0% used [0x00000000f5080000,0x00000000f5080000,0x00000000f6100000)
 ParOldGen       total 110080K, used 77779K [0x00000000a0000000, 0x00000000a6b80000, 0x00000000e0000000)
  object space 110080K, 70% used [0x00000000a0000000,0x00000000a4bf4d60,0x00000000a6b80000)
 Metaspace       used 81353K, capacity 86228K, committed 86360K, reserved 1124352K
  class space    used 10405K, capacity 11247K, committed 11352K, reserved 1048576K
GC Heap History (10 events):
Event: 2469.407 GC heap before
{Heap before GC invocations=30 (full 3):
 PSYoungGen      total 314368K, used 312194K [0x00000000e0000000, 0x00000000f4a80000, 0x0000000100000000)
  eden space 296448K, 100% used [0x00000000e0000000,0x00000000f2180000,0x00000000f2180000)
  from space 17920K, 87% used [0x00000000f3900000,0x00000000f48609d8,0x00000000f4a80000)
  to   space 20992K, 0% used [0x00000000f2180000,0x00000000f2180000,0x00000000f3600000)
 ParOldGen       total 110080K, used 53497K [0x00000000a0000000, 0x00000000a6b80000, 0x00000000e0000000)
  object space 110080K, 48% used [0x00000000a0000000,0x00000000a343e7b8,0x00000000a6b80000)
 Metaspace       used 68369K, capacity 71578K, committed 71768K, reserved 1112064K
  class space    used 8906K, capacity 9545K, committed 9560K, reserved 1048576K
Event: 2469.468 GC heap after
Heap after GC invocations=30 (full 3):
 PSYoungGen      total 317440K, used 14030K [0x00000000e0000000, 0x00000000f7f00000, 0x0000000100000000)
  eden space 296448K, 0% used [0x00000000e0000000,0x00000000e0000000,0x00000000f2180000)
  from space 20992K, 66% used [0x00000000f2180000,0x00000000f2f33b60,0x00000000f3600000)
  to   space 21504K, 0% used [0x00000000f6a00000,0x00000000f6a00000,0x00000000f7f00000)
 ParOldGen       total 110080K, used 60282K [0x00000000a0000000, 0x00000000a6b80000, 0x00000000e0000000)
  object space 110080K, 54% used [0x00000000a0000000,0x00000000a3adeab8,0x00000000a6b80000)
 Metaspace       used 68369K, capacity 71578K, committed 71768K, reserved 1112064K
  class space    used 8906K, capacity 9545K, committed 9560K, reserved 1048576K
}
Event: 2476.570 GC heap before
{Heap before GC invocations=31 (full 3):
 PSYoungGen      total 317440K, used 310478K [0x00000000e0000000, 0x00000000f7f00000, 0x0000000100000000)
  eden space 296448K, 100% used [0x00000000e0000000,0x00000000f2180000,0x00000000f2180000)
  from space 20992K, 66% used [0x00000000f2180000,0x00000000f2f33b60,0x00000000f3600000)
  to   space 21504K, 0% used [0x00000000f6a00000,0x00000000f6a00000,0x00000000f7f00000)
 ParOldGen       total 110080K, used 60282K [0x00000000a0000000, 0x00000000a6b80000, 0x00000000e0000000)
  object space 110080K, 54% used [0x00000000a0000000,0x00000000a3adeab8,0x00000000a6b80000)
 Metaspace       used 74093K, capacity 77800K, committed 78040K, reserved 1116160K
  class space    used 9721K, capacity 10424K, committed 10456K, reserved 1048576K
Event: 2476.642 GC heap after
Heap after GC invocations=31 (full 3):
 PSYoungGen      total 368128K, used 20137K [0x00000000e0000000, 0x00000000f8380000, 0x0000000100000000)
  eden space 346624K, 0% used [0x00000000e0000000,0x00000000e0000000,0x00000000f5280000)
  from space 21504K, 93% used [0x00000000f6a00000,0x00000000f7daa678,0x00000000f7f00000)
  to   space 24064K, 0% used [0x00000000f5280000,0x00000000f5280000,0x00000000f6a00000)
 ParOldGen       total 110080K, used 60578K [0x00000000a0000000, 0x00000000a6b80000, 0x00000000e0000000)
  object space 110080K, 55% used [0x00000000a0000000,0x00000000a3b28ba8,0x00000000a6b80000)
 Metaspace       used 74093K, capacity 77800K, committed 78040K, reserved 1116160K
  class space    used 9721K, capacity 10424K, committed 10456K, reserved 1048576K
}
Event: 3532.607 GC heap before
{Heap before GC invocations=32 (full 3):
 PSYoungGen      total 368128K, used 366761K [0x00000000e0000000, 0x00000000f8380000, 0x0000000100000000)
  eden space 346624K, 100% used [0x00000000e0000000,0x00000000f5280000,0x00000000f5280000)
  from space 21504K, 93% used [0x00000000f6a00000,0x00000000f7daa678,0x00000000f7f00000)
  to   space 24064K, 0% used [0x00000000f5280000,0x00000000f5280000,0x00000000f6a00000)
 ParOldGen       total 110080K, used 60578K [0x00000000a0000000, 0x00000000a6b80000, 0x00000000e0000000)
  object space 110080K, 55% used [0x00000000a0000000,0x00000000a3b28ba8,0x00000000a6b80000)
 Metaspace       used 77038K, capacity 81070K, committed 81240K, reserved 1120256K
  class space    used 9993K, capacity 10732K, committed 10840K, reserved 1048576K
Event: 3532.712 GC heap after
Heap after GC invocations=32 (full 3):
 PSYoungGen      total 346112K, used 13887K [0x00000000e0000000, 0x00000000f7300000, 0x0000000100000000)
  eden space 331776K, 0% used [0x00000000e0000000,0x00000000e0000000,0x00000000f4400000)
  from space 14336K, 96% used [0x00000000f5280000,0x00000000f600fe20,0x00000000f6080000)
  to   space 18944K, 0% used [0x00000000f6080000,0x00000000f6080000,0x00000000f7300000)
 ParOldGen       total 110080K, used 71899K [0x00000000a0000000, 0x00000000a6b80000, 0x00000000e0000000)
  object space 110080K, 65% used [0x00000000a0000000,0x00000000a4636dc8,0x00000000a6b80000)
 Metaspace       used 77038K, capacity 81070K, committed 81240K, reserved 1120256K
  class space    used 9993K, capacity 10732K, committed 10840K, reserved 1048576K
}
Event: 3940.899 GC heap before
{Heap before GC invocations=33 (full 3):
 PSYoungGen      total 346112K, used 345663K [0x00000000e0000000, 0x00000000f7300000, 0x0000000100000000)
  eden space 331776K, 100% used [0x00000000e0000000,0x00000000f4400000,0x00000000f4400000)
  from space 14336K, 96% used [0x00000000f5280000,0x00000000f600fe20,0x00000000f6080000)
  to   space 18944K, 0% used [0x00000000f6080000,0x00000000f6080000,0x00000000f7300000)
 ParOldGen       total 110080K, used 71899K [0x00000000a0000000, 0x00000000a6b80000, 0x00000000e0000000)
  object space 110080K, 65% used [0x00000000a0000000,0x00000000a4636dc8,0x00000000a6b80000)
 Metaspace       used 77322K, capacity 81620K, committed 81752K, reserved 1120256K
  class space    used 10014K, capacity 10763K, committed 10840K, reserved 1048576K
Event: 3940.921 GC heap after
Heap after GC invocations=33 (full 3):
 PSYoungGen      total 330240K, used 11937K [0x00000000e0000000, 0x00000000f6c80000, 0x0000000100000000)
  eden space 317952K, 0% used [0x00000000e0000000,0x00000000e0000000,0x00000000f3680000)
  from space 12288K, 97% used [0x00000000f6080000,0x00000000f6c287d0,0x00000000f6c80000)
  to   space 23040K, 0% used [0x00000000f3f80000,0x00000000f3f80000,0x00000000f5600000)
 ParOldGen       total 110080K, used 77771K [0x00000000a0000000, 0x00000000a6b80000, 0x00000000e0000000)
  object space 110080K, 70% used [0x00000000a0000000,0x00000000a4bf2d60,0x00000000a6b80000)
 Metaspace       used 77322K, capacity 81620K, committed 81752K, reserved 1120256K
  class space    used 10014K, capacity 10763K, committed 10840K, reserved 1048576K
}
Event: 4127.991 GC heap before
{Heap before GC invocations=34 (full 3):
 PSYoungGen      total 330240K, used 329889K [0x00000000e0000000, 0x00000000f6c80000, 0x0000000100000000)
  eden space 317952K, 100% used [0x00000000e0000000,0x00000000f3680000,0x00000000f3680000)
  from space 12288K, 97% used [0x00000000f6080000,0x00000000f6c287d0,0x00000000f6c80000)
  to   space 23040K, 0% used [0x00000000f3f80000,0x00000000f3f80000,0x00000000f5600000)
 ParOldGen       total 110080K, used 77771K [0x00000000a0000000, 0x00000000a6b80000, 0x00000000e0000000)
  object space 110080K, 70% used [0x00000000a0000000,0x00000000a4bf2d60,0x00000000a6b80000)
 Metaspace       used 81275K, capacity 86176K, committed 86360K, reserved 1124352K
  class space    used 10401K, capacity 11239K, committed 11352K, reserved 1048576K
Event: 4128.011 GC heap after
Heap after GC invocations=34 (full 3):
 PSYoungGen      total 322048K, used 17293K [0x00000000e0000000, 0x00000000f6100000, 0x0000000100000000)
  eden space 304640K, 0% used [0x00000000e0000000,0x00000000e0000000,0x00000000f2980000)
  from space 17408K, 99% used [0x00000000f3f80000,0x00000000f5063448,0x00000000f5080000)
  to   space 16896K, 0% used [0x00000000f5080000,0x00000000f5080000,0x00000000f6100000)
 ParOldGen       total 110080K, used 77779K [0x00000000a0000000, 0x00000000a6b80000, 0x00000000e0000000)
  object space 110080K, 70% used [0x00000000a0000000,0x00000000a4bf4d60,0x00000000a6b80000)
 Metaspace       used 81275K, capacity 86176K, committed 86360K, reserved 1124352K
  class space    used 10401K, capacity 11239K, committed 11352K, reserved 1048576K
}

