# JRE version: OpenJDK Runtime Environment (8.0_112) (build 1.8.0_112-release-736)
# Java VM: OpenJDK 64-Bit Server VM (25.112-b736 mixed mode windows-amd64 compressed oops)
Heap:
 PSYoungGen      total 271360K, used 17573K [0x00000000e0000000, 0x00000000f2000000, 0x0000000100000000)
  eden space 251904K, 0% used [0x00000000e0000000,0x00000000e0000000,0x00000000ef600000)
  from space 19456K, 90% used [0x00000000f0c00000,0x00000000f1d29578,0x00000000f1f00000)
  to   space 21504K, 0% used [0x00000000ef600000,0x00000000ef600000,0x00000000f0b00000)
 ParOldGen       total 72704K, used 26372K [0x00000000a0000000, 0x00000000a4700000, 0x00000000e0000000)
  object space 72704K, 36% used [0x00000000a0000000,0x00000000a19c1360,0x00000000a4700000)
 Metaspace       used 57119K, capacity 58886K, committed 59008K, reserved 1099776K
  class space    used 7514K, capacity 7966K, committed 8064K, reserved 1048576K
GC Heap History (10 events):
Event: 28.145 GC heap after
Heap after GC invocations=12 (full 2):
 PSYoungGen      total 144384K, used 12727K [0x00000000e0000000, 0x00000000e9d00000, 0x0000000100000000)
  eden space 130048K, 0% used [0x00000000e0000000,0x00000000e0000000,0x00000000e7f00000)
  from space 14336K, 88% used [0x00000000e8e00000,0x00000000e9a6dce0,0x00000000e9c00000)
  to   space 15360K, 0% used [0x00000000e7f00000,0x00000000e7f00000,0x00000000e8e00000)
 ParOldGen       total 72704K, used 17252K [0x00000000a0000000, 0x00000000a4700000, 0x00000000e0000000)
  object space 72704K, 23% used [0x00000000a0000000,0x00000000a10d93f0,0x00000000a4700000)
 Metaspace       used 48188K, capacity 49354K, committed 49664K, reserved 1091584K
  class space    used 6297K, capacity 6588K, committed 6656K, reserved 1048576K
}
Event: 29.425 GC heap before
{Heap before GC invocations=13 (full 2):
 PSYoungGen      total 144384K, used 142775K [0x00000000e0000000, 0x00000000e9d00000, 0x0000000100000000)
  eden space 130048K, 100% used [0x00000000e0000000,0x00000000e7f00000,0x00000000e7f00000)
  from space 14336K, 88% used [0x00000000e8e00000,0x00000000e9a6dce0,0x00000000e9c00000)
  to   space 15360K, 0% used [0x00000000e7f00000,0x00000000e7f00000,0x00000000e8e00000)
 ParOldGen       total 72704K, used 17252K [0x00000000a0000000, 0x00000000a4700000, 0x00000000e0000000)
  object space 72704K, 23% used [0x00000000a0000000,0x00000000a10d93f0,0x00000000a4700000)
 Metaspace       used 48586K, capacity 49746K, committed 49920K, reserved 1093632K
  class space    used 6323K, capacity 6624K, committed 6656K, reserved 1048576K
Event: 29.539 GC heap after
Heap after GC invocations=13 (full 2):
 PSYoungGen      total 145408K, used 15341K [0x00000000e0000000, 0x00000000ed800000, 0x0000000100000000)
  eden space 130048K, 0% used [0x00000000e0000000,0x00000000e0000000,0x00000000e7f00000)
  from space 15360K, 99% used [0x00000000e7f00000,0x00000000e8dfb6d0,0x00000000e8e00000)
  to   space 17920K, 0% used [0x00000000ec680000,0x00000000ec680000,0x00000000ed800000)
 ParOldGen       total 72704K, used 17912K [0x00000000a0000000, 0x00000000a4700000, 0x00000000e0000000)
  object space 72704K, 24% used [0x00000000a0000000,0x00000000a117e200,0x00000000a4700000)
 Metaspace       used 48586K, capacity 49746K, committed 49920K, reserved 1093632K
  class space    used 6323K, capacity 6624K, committed 6656K, reserved 1048576K
}
Event: 30.878 GC heap before
{Heap before GC invocations=14 (full 2):
 PSYoungGen      total 145408K, used 145389K [0x00000000e0000000, 0x00000000ed800000, 0x0000000100000000)
  eden space 130048K, 100% used [0x00000000e0000000,0x00000000e7f00000,0x00000000e7f00000)
  from space 15360K, 99% used [0x00000000e7f00000,0x00000000e8dfb6d0,0x00000000e8e00000)
  to   space 17920K, 0% used [0x00000000ec680000,0x00000000ec680000,0x00000000ed800000)
 ParOldGen       total 72704K, used 17912K [0x00000000a0000000, 0x00000000a4700000, 0x00000000e0000000)
  object space 72704K, 24% used [0x00000000a0000000,0x00000000a117e200,0x00000000a4700000)
 Metaspace       used 48890K, capacity 50092K, committed 50304K, reserved 1093632K
  class space    used 6350K, capacity 6671K, committed 6784K, reserved 1048576K
Event: 30.900 GC heap after
Heap after GC invocations=14 (full 2):
 PSYoungGen      total 201216K, used 17895K [0x00000000e0000000, 0x00000000eda80000, 0x0000000100000000)
  eden space 183296K, 0% used [0x00000000e0000000,0x00000000e0000000,0x00000000eb300000)
  from space 17920K, 99% used [0x00000000ec680000,0x00000000ed7f9ea8,0x00000000ed800000)
  to   space 19968K, 0% used [0x00000000eb300000,0x00000000eb300000,0x00000000ec680000)
 ParOldGen       total 72704K, used 18014K [0x00000000a0000000, 0x00000000a4700000, 0x00000000e0000000)
  object space 72704K, 24% used [0x00000000a0000000,0x00000000a1197b50,0x00000000a4700000)
 Metaspace       used 48890K, capacity 50092K, committed 50304K, reserved 1093632K
  class space    used 6350K, capacity 6671K, committed 6784K, reserved 1048576K
}
Event: 32.791 GC heap before
{Heap before GC invocations=15 (full 2):
 PSYoungGen      total 201216K, used 201191K [0x00000000e0000000, 0x00000000eda80000, 0x0000000100000000)
  eden space 183296K, 100% used [0x00000000e0000000,0x00000000eb300000,0x00000000eb300000)
  from space 17920K, 99% used [0x00000000ec680000,0x00000000ed7f9ea8,0x00000000ed800000)
  to   space 19968K, 0% used [0x00000000eb300000,0x00000000eb300000,0x00000000ec680000)
 ParOldGen       total 72704K, used 18014K [0x00000000a0000000, 0x00000000a4700000, 0x00000000e0000000)
  object space 72704K, 24% used [0x00000000a0000000,0x00000000a1197b50,0x00000000a4700000)
 Metaspace       used 49684K, capacity 50948K, committed 51072K, reserved 1093632K
  class space    used 6447K, capacity 6781K, committed 6784K, reserved 1048576K
Event: 32.812 GC heap after
Heap after GC invocations=15 (full 2):
 PSYoungGen      total 203264K, used 10685K [0x00000000e0000000, 0x00000000f1f00000, 0x0000000100000000)
  eden space 183296K, 0% used [0x00000000e0000000,0x00000000e0000000,0x00000000eb300000)
  from space 19968K, 53% used [0x00000000eb300000,0x00000000ebd6f698,0x00000000ec680000)
  to   space 19456K, 0% used [0x00000000f0c00000,0x00000000f0c00000,0x00000000f1f00000)
 ParOldGen       total 72704K, used 26117K [0x00000000a0000000, 0x00000000a4700000, 0x00000000e0000000)
  object space 72704K, 35% used [0x00000000a0000000,0x00000000a1981420,0x00000000a4700000)
 Metaspace       used 49684K, capacity 50948K, committed 51072K, reserved 1093632K
  class space    used 6447K, capacity 6781K, committed 6784K, reserved 1048576K
}
Event: 36.958 GC heap before
{Heap before GC invocations=16 (full 2):
 PSYoungGen      total 203264K, used 148362K [0x00000000e0000000, 0x00000000f1f00000, 0x0000000100000000)
  eden space 183296K, 75% used [0x00000000e0000000,0x00000000e8673388,0x00000000eb300000)
  from space 19968K, 53% used [0x00000000eb300000,0x00000000ebd6f698,0x00000000ec680000)
  to   space 19456K, 0% used [0x00000000f0c00000,0x00000000f0c00000,0x00000000f1f00000)
 ParOldGen       total 72704K, used 26117K [0x00000000a0000000, 0x00000000a4700000, 0x00000000e0000000)
  object space 72704K, 35% used [0x00000000a0000000,0x00000000a1981420,0x00000000a4700000)
 Metaspace       used 57119K, capacity 58886K, committed 59008K, reserved 1099776K
  class space    used 7514K, capacity 7966K, committed 8064K, reserved 1048576K
Event: 37.005 GC heap after
Heap after GC invocations=16 (full 2):
 PSYoungGen      total 271360K, used 17573K [0x00000000e0000000, 0x00000000f2000000, 0x0000000100000000)
  eden space 251904K, 0% used [0x00000000e0000000,0x00000000e0000000,0x00000000ef600000)
  from space 19456K, 90% used [0x00000000f0c00000,0x00000000f1d29578,0x00000000f1f00000)
  to   space 21504K, 0% used [0x00000000ef600000,0x00000000ef600000,0x00000000f0b00000)
 ParOldGen       total 72704K, used 26372K [0x00000000a0000000, 0x00000000a4700000, 0x00000000e0000000)
  object space 72704K, 36% used [0x00000000a0000000,0x00000000a19c1360,0x00000000a4700000)
 Metaspace       used 57119K, capacity 58886K, committed 59008K, reserved 1099776K
  class space    used 7514K, capacity 7966K, committed 8064K, reserved 1048576K
}
Event: 37.005 GC heap before
{Heap before GC invocations=17 (full 3):
 PSYoungGen      total 271360K, used 17573K [0x00000000e0000000, 0x00000000f2000000, 0x0000000100000000)
  eden space 251904K, 0% used [0x00000000e0000000,0x00000000e0000000,0x00000000ef600000)
  from space 19456K, 90% used [0x00000000f0c00000,0x00000000f1d29578,0x00000000f1f00000)
  to   space 21504K, 0% used [0x00000000ef600000,0x00000000ef600000,0x00000000f0b00000)
 ParOldGen       total 72704K, used 26372K [0x00000000a0000000, 0x00000000a4700000, 0x00000000e0000000)
  object space 72704K, 36% used [0x00000000a0000000,0x00000000a19c1360,0x00000000a4700000)
 Metaspace       used 57119K, capacity 58886K, committed 59008K, reserved 1099776K
  class space    used 7514K, capacity 7966K, committed 8064K, reserved 1048576K

